生成启动时间为 2017/1/16 星期一 16:24:40。
     1>项目“E:\学习工作\毕业论文资料\HM-15.0\build\vc10\TLibDecoder_vc10.vcxproj”在节点 3 上(build 个目标)。
     1>InitializeBuildStatus:
         正在创建“E:\学习工作\毕业论文资料\HM-15.0\build\\vc10\Win32\Release\TLibDecoder\TLibDecoder.unsuccessfulbuild”，因为已指定“AlwaysCreate”。
       ClCompile:
         C:\Program Files (x86)\Microsoft Visual Studio 10.0\VC\bin\CL.exe /c /I"E:\学习工作\毕业论文资料\HM-15.0\build\\..\source\Lib\\" /I"E:\学习工作\毕业论文资料\HM-15.0\build\\..\compat\msvc" /Zi /nologo /W3 /WX- /O2 /Ob2 /Ot /Oy- /GL /D WIN32 /D _LIB /D _CRT_SECURE_NO_WARNINGS /D _MBCS /GF /Gm- /EHsc /MT /GS /Gy /fp:precise /Zc:wchar_t /Zc:forScope /Fo"E:\学习工作\毕业论文资料\HM-15.0\build\\vc10\Win32\Release\TLibDecoder\\" /Fd"E:\学习工作\毕业论文资料\HM-15.0\build\\vc10\Win32\Release\TLibDecoder\vc100.pdb" /Gd /TP /analyze- /errorReport:prompt ..\..\source\Lib\TLibDecoder\AnnexBread.cpp ..\..\source\Lib\TLibDecoder\NALread.cpp ..\..\source\Lib\TLibDecoder\SEIread.cpp ..\..\source\Lib\TLibDecoder\SyntaxElementParser.cpp ..\..\source\Lib\TLibDecoder\TDecBinCoderCABAC.cpp ..\..\source\Lib\TLibDecoder\TDecCAVLC.cpp ..\..\source\Lib\TLibDecoder\TDecCu.cpp ..\..\source\Lib\TLibDecoder\TDecEntropy.cpp ..\..\source\Lib\TLibDecoder\TDecGop.cpp ..\..\source\Lib\TLibDecoder\TDecSbac.cpp ..\..\source\Lib\TLibDecoder\TDecSlice.cpp ..\..\source\Lib\TLibDecoder\TDecTop.cpp
         AnnexBread.cpp
         NALread.cpp
         SEIread.cpp
         SyntaxElementParser.cpp
         TDecBinCoderCABAC.cpp
         TDecCAVLC.cpp
         TDecCu.cpp
         TDecEntropy.cpp
         TDecGop.cpp
         TDecSbac.cpp
         TDecSlice.cpp
         TDecTop.cpp
       Lib:
         C:\Program Files (x86)\Microsoft Visual Studio 10.0\VC\bin\Lib.exe /OUT:"E:\学习工作\毕业论文资料\HM-15.0\build\\vc10\Win32\Release\TLibDecoder\TLibDecoder.lib" /NOLOGO /LTCG "E:\学习工作\毕业论文资料\HM-15.0\build\\vc10\Win32\Release\TLibDecoder\AnnexBread.obj"
         "E:\学习工作\毕业论文资料\HM-15.0\build\\vc10\Win32\Release\TLibDecoder\NALread.obj"
         "E:\学习工作\毕业论文资料\HM-15.0\build\\vc10\Win32\Release\TLibDecoder\SEIread.obj"
         "E:\学习工作\毕业论文资料\HM-15.0\build\\vc10\Win32\Release\TLibDecoder\SyntaxElementParser.obj"
         "E:\学习工作\毕业论文资料\HM-15.0\build\\vc10\Win32\Release\TLibDecoder\TDecBinCoderCABAC.obj"
         "E:\学习工作\毕业论文资料\HM-15.0\build\\vc10\Win32\Release\TLibDecoder\TDecCAVLC.obj"
         "E:\学习工作\毕业论文资料\HM-15.0\build\\vc10\Win32\Release\TLibDecoder\TDecCu.obj"
         "E:\学习工作\毕业论文资料\HM-15.0\build\\vc10\Win32\Release\TLibDecoder\TDecEntropy.obj"
         "E:\学习工作\毕业论文资料\HM-15.0\build\\vc10\Win32\Release\TLibDecoder\TDecGop.obj"
         "E:\学习工作\毕业论文资料\HM-15.0\build\\vc10\Win32\Release\TLibDecoder\TDecSbac.obj"
         "E:\学习工作\毕业论文资料\HM-15.0\build\\vc10\Win32\Release\TLibDecoder\TDecSlice.obj"
         "E:\学习工作\毕业论文资料\HM-15.0\build\\vc10\Win32\Release\TLibDecoder\TDecTop.obj"
         TLibDecoder_vc10.vcxproj -> E:\学习工作\毕业论文资料\HM-15.0\build\\vc10\Win32\Release\TLibDecoder\TLibDecoder.lib
       FinalizeBuildStatus:
         正在删除文件“E:\学习工作\毕业论文资料\HM-15.0\build\\vc10\Win32\Release\TLibDecoder\TLibDecoder.unsuccessfulbuild”。
         正在对“E:\学习工作\毕业论文资料\HM-15.0\build\\vc10\Win32\Release\TLibDecoder\TLibDecoder.lastbuildstate”执行 Touch 任务。
     1>已完成生成项目“E:\学习工作\毕业论文资料\HM-15.0\build\vc10\TLibDecoder_vc10.vcxproj”(build 个目标)的操作。

生成成功。

已用时间 00:00:15.89
